<?xml version="1.0" encoding="UTF-8"?>
<!-- Generated by org.testng.reporters.JUnitXMLReporter -->
<testsuite ignored="1" hostname="DEEPIKAPATIL" failures="0" tests="1" name="Default test" time="2.197" errors="0" timestamp="2024-10-04T04:05:07 IST">
  <testcase classname="com.qa.gorest.testes.GetUserTest" name="getUserSpecificaTest" time="2.167"/>
  <testcase classname="com.qa.gorest.testes.GetUserTest" name="getUserTest" time="0.0">
    <ignored/>
  </testcase> <!-- getUserTest -->
</testsuite> <!-- Default test -->
