<?xml version="1.0" encoding="UTF-8"?>
<testng-results ignored="0" total="1" passed="1" failed="0" skipped="0">
  <reporter-output>
  </reporter-output>
  <suite started-at="2024-10-04T04:05:05 IST" name="Default suite" finished-at="2024-10-04T04:05:07 IST" duration-ms="2197">
    <groups>
    </groups>
    <test started-at="2024-10-04T04:05:05 IST" name="Default test" finished-at="2024-10-04T04:05:07 IST" duration-ms="2197">
      <class name="com.qa.gorest.testes.GetUserTest">
        <test-method signature="getUserSpecificaTest()[pri:0, instance:com.qa.gorest.testes.GetUserTest@368247b9]" started-at="2024-10-04T04:05:05 IST" name="getUserSpecificaTest" finished-at="2024-10-04T04:05:07 IST" duration-ms="2167" status="PASS">
          <reporter-output>
          </reporter-output>
        </test-method> <!-- getUserSpecificaTest -->
      </class> <!-- com.qa.gorest.testes.GetUserTest -->
    </test> <!-- Default test -->
  </suite> <!-- Default suite -->
</testng-results>
